app/build/outputs/mapping/release/seeds.txt
com.nulldata.app.data.database.AppDatabase
com.nulldata.app.NulldataApp
com.nulldata.app.MainActivity
com.nulldata.app.data.entities.LoginInfo
com.nulldata.app.data.database.AppDatabase_Impl
com.nulldata.app.data.entities.NoteEntity
com.nulldata.app.data.entities.LoginInfo: int failedAttempts
com.nulldata.app.data.entities.LoginInfo: long lastFailedTime
com.nulldata.app.data.entities.NoteEntity: byte[] ciphertext
com.nulldata.app.data.entities.NoteEntity: java.lang.String id
com.nulldata.app.data.entities.LoginInfo: byte[] decoyIv
com.nulldata.app.data.entities.NoteEntity: boolean isDecoyNote
com.nulldata.app.data.entities.NoteEntity: long modifiedDate
com.nulldata.app.data.entities.LoginInfo: byte[] decoySalt
com.nulldata.app.data.entities.NoteEntity: byte[] iv
com.nulldata.app.data.entities.LoginInfo: boolean decoyEnabled
com.nulldata.app.data.entities.LoginInfo: int id
com.nulldata.app.data.entities.NoteEntity: long createdDate
com.nulldata.app.data.entities.LoginInfo: byte[] loginCiphertext
com.nulldata.app.data.entities.NoteEntity: byte[] tag
com.nulldata.app.data.entities.LoginInfo: byte[] loginSalt
com.nulldata.app.data.entities.NoteEntity: java.lang.String title
com.nulldata.app.data.entities.NoteEntity: boolean isFavorite
com.nulldata.app.data.entities.NoteEntity: int $stable
com.nulldata.app.data.entities.NoteEntity: boolean isDeleted
com.nulldata.app.data.entities.LoginInfo: byte[] loginTag
com.nulldata.app.data.entities.LoginInfo: byte[] decoyCiphertext
com.nulldata.app.data.entities.LoginInfo: byte[] decoyTag
com.nulldata.app.data.entities.LoginInfo: int $stable
com.nulldata.app.data.entities.NoteEntity: byte[] salt
com.nulldata.app.data.entities.NoteEntity: boolean isEncrypted
com.nulldata.app.data.entities.LoginInfo: byte[] loginIv
com.nulldata.app.util.DecoyPlatform: com.nulldata.app.util.DecoyPlatform[] values()
com.nulldata.app.data.entities.LoginInfo: LoginInfo(int,byte[],byte[],byte[],byte[],byte[],byte[],byte[],byte[],boolean,int,long)
com.nulldata.app.data.entities.NoteEntity: NoteEntity(java.lang.String,java.lang.String,byte[],byte[],byte[],byte[],boolean,boolean,boolean,boolean,long,long,int,kotlin.jvm.internal.DefaultConstructorMarker)
com.nulldata.app.data.entities.LoginInfo: int getId()
com.nulldata.app.data.entities.LoginInfo: byte[] component2()
com.nulldata.app.data.entities.NoteEntity: java.lang.String component1()
com.nulldata.app.data.entities.NoteEntity: com.nulldata.app.data.entities.NoteEntity copy$default(com.nulldata.app.data.entities.NoteEntity,java.lang.String,java.lang.String,byte[],byte[],byte[],byte[],boolean,boolean,boolean,boolean,long,long,int,java.lang.Object)
com.nulldata.app.data.entities.LoginInfo: byte[] getLoginTag()
com.nulldata.app.data.entities.LoginInfo: java.lang.String toString()
com.nulldata.app.data.entities.LoginInfo: byte[] component9()
com.nulldata.app.data.entities.NoteEntity: byte[] getTag()
com.nulldata.app.data.entities.LoginInfo: byte[] component5()
com.nulldata.app.data.entities.NoteEntity: byte[] getSalt()
com.nulldata.app.data.entities.LoginInfo: byte[] component7()
com.nulldata.app.data.entities.NoteEntity: long getCreatedDate()
com.nulldata.app.data.entities.NoteEntity: NoteEntity(java.lang.String,java.lang.String,byte[],byte[],byte[],byte[],boolean,boolean,boolean,boolean,long,long)
com.nulldata.app.data.entities.LoginInfo: byte[] component4()
com.nulldata.app.data.entities.NoteEntity: byte[] component3()
com.nulldata.app.data.entities.LoginInfo: byte[] getDecoyCiphertext()
com.nulldata.app.data.entities.NoteEntity: byte[] getCiphertext()
com.nulldata.app.data.entities.NoteEntity: byte[] component5()
com.nulldata.app.data.entities.NoteEntity: boolean isDeleted()
com.nulldata.app.data.entities.LoginInfo: boolean equals(java.lang.Object)
com.nulldata.app.data.entities.LoginInfo: long component12()
...
androidx.core.graphics.drawable.DrawableCompat$Api21Impl: void setHotspotBounds(android.graphics.drawable.Drawable,int,int,int,int)
androidx.compose.foundation.text.selection.CrossStatus: androidx.compose.foundation.text.selection.CrossStatus valueOf(java.lang.String)
androidx.core.view.VelocityTrackerCompat$Api34Impl: float getAxisVelocity(android.view.VelocityTracker,int)
androidx.appcompat.widget.AppCompatImageButton: void setImageURI(android.net.Uri)
androidx.appcompat.widget.Toolbar: int getCurrentContentInsetRight()
androidx.compose.ui.window.SecureFlagPolicy: androidx.compose.ui.window.SecureFlagPolicy valueOf(java.lang.String)
androidx.compose.material3.tokens.TypographyKeyTokens: androidx.compose.material3.tokens.TypographyKeyTokens valueOf(java.lang.String)
kotlinx.coroutines.CoroutineStart: kotlinx.coroutines.CoroutineStart valueOf(java.lang.String)
com.lambdapioneer.argon2kt.ByteBufferTarget: com.lambdapioneer.argon2kt.ByteBufferTarget dropLastN(int)
androidx.appcompat.widget.AppCompatTextView: int getAutoSizeTextType()
androidx.core.view.WindowInsetsCompat$Impl: void setStableInsets(androidx.core.graphics.Insets)
androidx.appcompat.widget.AppCompatImageButton: android.content.res.ColorStateList getSupportBackgroundTintList()
androidx.appcompat.widget.AppCompatTextHelper$Api26Impl: void setAutoSizeTextTypeUniformWithConfiguration(android.widget.TextView,int,int,int,int)
androidx.appcompat.widget.ViewStubCompat: int getLayoutResource()
androidx.core.widget.TextViewCompat$Api28Impl: android.text.PrecomputedText$Params getTextMetricsParams(android.widget.TextView)
androidx.appcompat.widget.AppCompatImageButton: android.content.res.ColorStateList getSupportImageTintList()
androidx.compose.ui.platform.coreshims.ViewCompatShims$Api30Impl: void setImportantForContentCapture(android.view.View,int)
androidx.appcompat.widget.ActionBarOverlayLayout: void setShowingForActionMode(boolean)
androidx.core.graphics.drawable.IconCompatParcelizer: androidx.core.graphics.drawable.IconCompat read(androidx.versionedparcelable.VersionedParcel)
androidx.appcompat.widget.Toolbar: Toolbar(android.content.Context,android.util.AttributeSet)
androidx.appcompat.widget.Toolbar: void setContentInsetStartWithNavigation(int)
android.support.v4.graphics.drawable.IconCompatParcelizer: androidx.core.graphics.drawable.IconCompat read(androidx.versionedparcelable.VersionedParcel)
androidx.appcompat.widget.AppCompatTextView: void setLastBaselineToBottomHeight(int)
androidx.lifecycle.ReportFragment$LifecycleCallbacks: void registerIn(android.app.Activity)
androidx.compose.ui.autofill.AutofillApi23Helper: android.view.ViewStructure newChild(android.view.ViewStructure,int)
androidx.appcompat.widget.ActionMenuView: android.graphics.drawable.Drawable getOverflowIcon()
androidx.core.view.ViewParentCompat$Api21Impl: boolean onStartNestedScroll(android.view.ViewParent,android.view.View,android.view.View,int)
androidx.core.view.WindowInsetsCompat$Impl30: WindowInsetsCompat$Impl30(androidx.core.view.WindowInsetsCompat,androidx.core.view.WindowInsetsCompat$Impl30)
androidx.core.graphics.drawable.DrawableCompat$Api21Impl: void applyTheme(android.graphics.drawable.Drawable,android.content.res.Resources$Theme)
androidx.lifecycle.EmptyActivityLifecycleCallbacks: void onActivityCreated(android.app.Activity,android.os.Bundle)
androidx.core.view.DisplayCutoutCompat$Api28Impl: int getSafeInsetLeft(android.view.DisplayCutout)
androidx.compose.ui.platform.coreshims.ContentCaptureSessionCompat$Api29Impl: void notifyViewTextChanged(android.view.contentcapture.ContentCaptureSession,android.view.autofill.AutofillId,java.lang.CharSequence)
androidx.compose.ui.platform.ViewLayer: androidx.compose.ui.graphics.Path getManualClipPath()
androidx.compose.ui.platform.actionmodecallback.MenuItemOption: androidx.compose.ui.platform.actionmodecallback.MenuItemOption valueOf(java.lang.String)