app/build/outputs/mapping/release/usage.txt
com.nulldata.app.MainActivity:
    public static final int $stable
com.nulldata.app.R$drawable
com.nulldata.app.R$mipmap
com.nulldata.app.R$string
com.nulldata.app.R$style
com.nulldata.app.R
com.nulldata.app.data.dao.LoginDao:
    public abstract java.lang.Object deleteAll(kotlin.coroutines.Continuation)
com.nulldata.app.data.dao.LoginDao_Impl$6
com.nulldata.app.data.dao.LoginDao_Impl:
    public java.lang.Object deleteAll(kotlin.coroutines.Continuation)
com.nulldata.app.data.dao.NoteDao$DefaultImpls
com.nulldata.app.data.dao.NoteDao:
    public abstract java.lang.Object deleteAll(kotlin.coroutines.Continuation)
com.nulldata.app.data.dao.NoteDao_Impl$10
com.nulldata.app.data.dao.NoteDao_Impl:
    public java.lang.Object deleteAll(kotlin.coroutines.Continuation)
com.nulldata.app.data.database.AppDatabase:
    public static final int $stable
com.nulldata.app.data.database.AppDatabase_Impl:
    public void clearAllTables()
com.nulldata.app.data.repository.NoteRepository$LoginResult:
    public static final int $stable
    public final boolean component1()
    public final boolean component2()
    public final java.lang.String component3()
    public final boolean component4()
    public final long component5()
    public final com.nulldata.app.data.repository.NoteRepository$LoginResult copy(boolean,boolean,java.lang.String,boolean,long)
    public static synthetic com.nulldata.app.data.repository.NoteRepository$LoginResult copy$default(com.nulldata.app.data.repository.NoteRepository$LoginResult,boolean,boolean,java.lang.String,boolean,long,int,java.lang.Object)
com.nulldata.app.data.repository.NoteRepository:
    public static final java.lang.String DECOY_CANARY
    public static final long LOCKOUT_DELAY_MS
    public static final java.lang.String LOGIN_CANARY
    public static final int MAX_FAILED_ATTEMPTS
    public static synthetic java.lang.Object setupMasterPassword-0E7RQCE$default(com.nulldata.app.data.repository.NoteRepository,char[],char[],kotlin.coroutines.Continuation,int,java.lang.Object)
com.nulldata.app.di.AppContainer:
    public static final int $stable
com.nulldata.app.security.CryptoUtils$EncryptionResult:
    public final byte[] component1()
    public final byte[] component2()
    public final byte[] component3()
    public final com.nulldata.app.security.CryptoUtils$EncryptionResult copy(byte[],byte[],byte[])
    public static synthetic com.nulldata.app.security.CryptoUtils$EncryptionResult copy$default(com.nulldata.app.security.CryptoUtils$EncryptionResult,byte[],byte[],byte[],int,java.lang.Object)
com.nulldata.app.security.CryptoUtils:
    private static final int ARGON2_ITERATIONS
    private static final int ARGON2_MEMORY_KIB
    private static final int ARGON2_PARALLELISM
    private static final int GCM_IV_LENGTH
    private static final int GCM_TAG_LENGTH
    private static final int KEY_LENGTH
    private static final int LENGTH_PREFIX_BYTES
    private static final int PADDED_SIZE
com.nulldata.app.security.SecureMemory:
    public static final int $stable
    public final java.lang.String clearString(java.lang.String)
com.nulldata.app.ui.components.KeyboardState:
    public static final int $stable
com.nulldata.app.ui.navigation.NavGraphKt:
    private static final boolean AppNavGraph$lambda$1(androidx.compose.runtime.MutableState)
com.nulldata.app.ui.navigation.NavRoutes:
    public static final int $stable
    public static final java.lang.String ABOUT
    public static final java.lang.String EDITOR
    public static final java.lang.String ENCRYPT_DECRYPT
    public static final java.lang.String EXPORT_IMPORT
    public static final java.lang.String FAVORITES
    public static final java.lang.String LOGIN
    public static final java.lang.String NOTES
    public static final java.lang.String SETTINGS
    public static final java.lang.String SETUP
    public static final java.lang.String TRASH
com.nulldata.app.ui.screens.ComposableSingletons$DecoyDecryptScreenKt$lambda-1$1
...
androidx.compose.ui.text.platform.style.ShaderBrushSpan$shaderState$1
androidx.compose.ui.text.platform.style.ShaderBrushSpan:
    static void <clinit>()
    public static androidx.compose.ui.graphics.BrushKt$ShaderBrush$1 getShaderBrush()
    public final long getSize-NH-jbRc()
    public static void setSize-uvyYCjk()
androidx.compose.ui.text.style.BaselineShift$Companion
androidx.compose.ui.text.style.BaselineShift:
    public static final androidx.compose.ui.semantics.ProgressBarRangeInfo$Companion Companion
    public static final float None
    public static final float Subscript
    public static final float Superscript
    static void <clinit>()
    public static final synthetic float access$getNone$cp()
    public static synthetic float unbox-impl()
androidx.compose.ui.text.style.BaselineShiftKt
androidx.compose.ui.text.style.BrushStyle:
    public static androidx.compose.ui.graphics.BrushKt$ShaderBrush$1 getValue()
androidx.compose.ui.text.style.Hyphens$Companion
androidx.compose.ui.text.style.Hyphens:
    public static final int Auto
    public static final androidx.compose.ui.semantics.ProgressBarRangeInfo$Companion Companion
    public static final int None
    public static final int Unspecified
    static void <clinit>()
    public static final synthetic int access$getAuto$cp()
    public static final synthetic int access$getNone$cp()
    public static final synthetic int access$getUnspecified$cp()
    public static synthetic int unbox-impl()
androidx.compose.ui.text.style.LineBreak$Companion
androidx.compose.ui.text.style.LineBreak$Strategy$Companion
androidx.compose.ui.text.style.LineBreak$Strategy:
    public static final int Balanced
    public static final androidx.compose.ui.semantics.ProgressBarRangeInfo$Companion Companion
    public static final int HighQuality
    public static final int Simple
    public static final int Unspecified
    static void <clinit>()
    public static final synthetic int access$getBalanced$cp()
    public static final synthetic int access$getHighQuality$cp()
    public static final synthetic int access$getSimple$cp()
androidx.compose.ui.text.style.LineBreak$Strictness$Companion:
    public static android.graphics.Typeface buildTypeface()
    public static androidx.compose.ui.text.style.TextDecoration combine()
    public static androidx.emoji2.text.TypefaceEmojiSpan createSpan()
    public static androidx.compose.ui.node.IntStack fetchFonts()
    public static long fixedWidth-OenEA2s()
    public static int getBoth-EVpEnUU()
    public static float getCenter-PIaL0Z0()
    public static int getCenter-e0LSkKk()
    public static int getClip-gIe3tQ8()
    public static int getContent-s_7X-co()
    public static int getContentOrLtr-s_7X-co()
    public static int getContentOrRtl-s_7X-co()
    public static androidx.compose.ui.text.style.LineHeightStyle getDefault()
    public static int getDefault-jp8hJ3c()
    public static int getDefault-usljTpc()
    public static int getEllipsis-gIe3tQ8()
    public static long getEm-UIouoOA()
    public static int getEnd-e0LSkKk()
    public static int getFontHinting-4e0Vf04()
    public static float getHairline-D9Ej5fM()
    public static int getJustify-e0LSkKk()
    public static int getLeft-e0LSkKk()
    public static androidx.compose.ui.text.style.TextDecoration getLineThrough()
    public static int getLinear-4e0Vf04()
    public static int getLoose-usljTpc()
    public static int getLtr-s_7X-co()
    public static androidx.compose.ui.text.style.TextDecoration getNone()
    public static androidx.compose.ui.text.style.TextIndent getNone()